d:\programfile\vsworks\15843-732b\x64\debug\vc143.pdb
d:\programfile\vsworks\15843-732b\x64\debug\vc143.idb
d:\programfile\vsworks\15843-732b\x64\debug\testsm4gcm.obj
d:\programfile\vsworks\15843-732b\x64\debug\utils.obj
d:\programfile\vsworks\15843-732b\x64\debug\gmul_htable.obj
d:\programfile\vsworks\15843-732b\x64\debug\gmul_common.obj
d:\programfile\vsworks\15843-732b\x64\debug\ghash.obj
d:\programfile\vsworks\15843-732b\x64\debug\gctr.obj
d:\programfile\vsworks\15843-732b\x64\debug\gcm.obj
d:\programfile\vsworks\15843-732b\x64\debug\sm4.obj
d:\programfile\vsworks\15843-732b\x64\debug\main.obj
d:\programfile\vsworks\15843-732b\x64\debug\a.obj
d:\programfile\vsworks\15843-732b\x64\debug\b.obj
d:\programfile\vsworks\15843-732b\x64\debug\15843-732b.exe
d:\programfile\vsworks\15843-732b\x64\debug\15843-732b.ilk
d:\programfile\vsworks\15843-732b\x64\debug\15843-732b.pdb
d:\programfile\vsworks\15843-732b\x64\debug\15843-732b.tlog\cl.command.1.tlog
d:\programfile\vsworks\15843-732b\x64\debug\15843-732b.tlog\cl.read.1.tlog
d:\programfile\vsworks\15843-732b\x64\debug\15843-732b.tlog\cl.write.1.tlog
d:\programfile\vsworks\15843-732b\x64\debug\15843-732b.tlog\link.command.1.tlog
d:\programfile\vsworks\15843-732b\x64\debug\15843-732b.tlog\link.read.1.tlog
d:\programfile\vsworks\15843-732b\x64\debug\15843-732b.tlog\link.write.1.tlog
